# JRE version: Java(TM) SE Runtime Environment (8.0_161-b12) (build 1.8.0_161-b12)
# Java VM: Java HotSpot(TM) 64-Bit Server VM (25.161-b12 mixed mode linux-amd64 compressed oops)
Heap:
 PSYoungGen      total 281088K, used 13280K [0x00000000eab00000, 0x00000000ff380000, 0x0000000100000000)
  eden space 267776K, 0% used [0x00000000eab00000,0x00000000eab00000,0x00000000fb080000)
  from space 13312K, 99% used [0x00000000fe680000,0x00000000ff378070,0x00000000ff380000)
  to   space 33792K, 0% used [0x00000000fb180000,0x00000000fb180000,0x00000000fd280000)
 ParOldGen       total 86528K, used 71828K [0x00000000c0000000, 0x00000000c5480000, 0x00000000eab00000)
  object space 86528K, 83% used [0x00000000c0000000,0x00000000c4625298,0x00000000c5480000)
 Metaspace       used 53556K, capacity 56204K, committed 56320K, reserved 1097728K
  class space    used 7209K, capacity 8080K, committed 8192K, reserved 1048576K
GC Heap History (10 events):
Event: 1249,384 GC heap after
Heap after GC invocations=16 (full 2):
 PSYoungGen      total 322048K, used 12384K [0x00000000eab00000, 0x00000000ffe80000, 0x0000000100000000)
  eden space 303104K, 0% used [0x00000000eab00000,0x00000000eab00000,0x00000000fd300000)
  from space 18944K, 65% used [0x00000000fe580000,0x00000000ff198040,0x00000000ff800000)
  to   space 18944K, 0% used [0x00000000fd300000,0x00000000fd300000,0x00000000fe580000)
 ParOldGen       total 86528K, used 40705K [0x00000000c0000000, 0x00000000c5480000, 0x00000000eab00000)
  object space 86528K, 47% used [0x00000000c0000000,0x00000000c27c05f0,0x00000000c5480000)
 Metaspace       used 46123K, capacity 47784K, committed 47872K, reserved 1089536K
  class space    used 6350K, capacity 6908K, committed 6912K, reserved 1048576K
}
Event: 1488,506 GC heap before
{Heap before GC invocations=17 (full 2):
 PSYoungGen      total 322048K, used 315488K [0x00000000eab00000, 0x00000000ffe80000, 0x0000000100000000)
  eden space 303104K, 100% used [0x00000000eab00000,0x00000000fd300000,0x00000000fd300000)
  from space 18944K, 65% used [0x00000000fe580000,0x00000000ff198040,0x00000000ff800000)
  to   space 18944K, 0% used [0x00000000fd300000,0x00000000fd300000,0x00000000fe580000)
 ParOldGen       total 86528K, used 40705K [0x00000000c0000000, 0x00000000c5480000, 0x00000000eab00000)
  object space 86528K, 47% used [0x00000000c0000000,0x00000000c27c05f0,0x00000000c5480000)
 Metaspace       used 49491K, capacity 51354K, committed 51584K, reserved 1093632K
  class space    used 6772K, capacity 7425K, committed 7552K, reserved 1048576K
Event: 1488,519 GC heap after
Heap after GC invocations=17 (full 2):
 PSYoungGen      total 322048K, used 18932K [0x00000000eab00000, 0x0000000100000000, 0x0000000100000000)
  eden space 303104K, 0% used [0x00000000eab00000,0x00000000eab00000,0x00000000fd300000)
  from space 18944K, 99% used [0x00000000fd300000,0x00000000fe57d0f0,0x00000000fe580000)
  to   space 22528K, 0% used [0x00000000fea00000,0x00000000fea00000,0x0000000100000000)
 ParOldGen       total 86528K, used 43627K [0x00000000c0000000, 0x00000000c5480000, 0x00000000eab00000)
  object space 86528K, 50% used [0x00000000c0000000,0x00000000c2a9aca8,0x00000000c5480000)
 Metaspace       used 49491K, capacity 51354K, committed 51584K, reserved 1093632K
  class space    used 6772K, capacity 7425K, committed 7552K, reserved 1048576K
}
Event: 1499,001 GC heap before
{Heap before GC invocations=18 (full 2):
 PSYoungGen      total 322048K, used 322036K [0x00000000eab00000, 0x0000000100000000, 0x0000000100000000)
  eden space 303104K, 100% used [0x00000000eab00000,0x00000000fd300000,0x00000000fd300000)
  from space 18944K, 99% used [0x00000000fd300000,0x00000000fe57d0f0,0x00000000fe580000)
  to   space 22528K, 0% used [0x00000000fea00000,0x00000000fea00000,0x0000000100000000)
 ParOldGen       total 86528K, used 43627K [0x00000000c0000000, 0x00000000c5480000, 0x00000000eab00000)
  object space 86528K, 50% used [0x00000000c0000000,0x00000000c2a9aca8,0x00000000c5480000)
 Metaspace       used 52924K, capacity 55098K, committed 55296K, reserved 1097728K
  class space    used 7132K, capacity 7859K, committed 7936K, reserved 1048576K
Event: 1499,039 GC heap after
Heap after GC invocations=18 (full 2):
 PSYoungGen      total 311808K, used 20787K [0x00000000eab00000, 0x00000000ffe80000, 0x0000000100000000)
  eden space 290816K, 0% used [0x00000000eab00000,0x00000000eab00000,0x00000000fc700000)
  from space 20992K, 99% used [0x00000000fea00000,0x00000000ffe4ce88,0x00000000ffe80000)
  to   space 24576K, 0% used [0x00000000fce80000,0x00000000fce80000,0x00000000fe680000)
 ParOldGen       total 86528K, used 52947K [0x00000000c0000000, 0x00000000c5480000, 0x00000000eab00000)
  object space 86528K, 61% used [0x00000000c0000000,0x00000000c33b4c08,0x00000000c5480000)
 Metaspace       used 52924K, capacity 55098K, committed 55296K, reserved 1097728K
  class space    used 7132K, capacity 7859K, committed 7936K, reserved 1048576K
}
Event: 1530,902 GC heap before
{Heap before GC invocations=19 (full 2):
 PSYoungGen      total 311808K, used 311603K [0x00000000eab00000, 0x00000000ffe80000, 0x0000000100000000)
  eden space 290816K, 100% used [0x00000000eab00000,0x00000000fc700000,0x00000000fc700000)
  from space 20992K, 99% used [0x00000000fea00000,0x00000000ffe4ce88,0x00000000ffe80000)
  to   space 24576K, 0% used [0x00000000fce80000,0x00000000fce80000,0x00000000fe680000)
 ParOldGen       total 86528K, used 52947K [0x00000000c0000000, 0x00000000c5480000, 0x00000000eab00000)
  object space 86528K, 61% used [0x00000000c0000000,0x00000000c33b4c08,0x00000000c5480000)
 Metaspace       used 53237K, capacity 55668K, committed 55936K, reserved 1097728K
  class space    used 7176K, capacity 7978K, committed 8064K, reserved 1048576K
Event: 1530,918 GC heap after
Heap after GC invocations=19 (full 2):
 PSYoungGen      total 303616K, used 24565K [0x00000000eab00000, 0x00000000ff380000, 0x0000000100000000)
  eden space 279040K, 0% used [0x00000000eab00000,0x00000000eab00000,0x00000000fbb80000)
  from space 24576K, 99% used [0x00000000fce80000,0x00000000fe67d4e8,0x00000000fe680000)
  to   space 13312K, 0% used [0x00000000fe680000,0x00000000fe680000,0x00000000ff380000)
 ParOldGen       total 86528K, used 54143K [0x00000000c0000000, 0x00000000c5480000, 0x00000000eab00000)
  object space 86528K, 62% used [0x00000000c0000000,0x00000000c34dfeb0,0x00000000c5480000)
 Metaspace       used 53237K, capacity 55668K, committed 55936K, reserved 1097728K
  class space    used 7176K, capacity 7978K, committed 8064K, reserved 1048576K
}
Event: 2476,249 GC heap before
{Heap before GC invocations=20 (full 2):
 PSYoungGen      total 303616K, used 303605K [0x00000000eab00000, 0x00000000ff380000, 0x0000000100000000)
  eden space 279040K, 100% used [0x00000000eab00000,0x00000000fbb80000,0x00000000fbb80000)
  from space 24576K, 99% used [0x00000000fce80000,0x00000000fe67d4e8,0x00000000fe680000)
  to   space 13312K, 0% used [0x00000000fe680000,0x00000000fe680000,0x00000000ff380000)
 ParOldGen       total 86528K, used 54143K [0x00000000c0000000, 0x00000000c5480000, 0x00000000eab00000)
  object space 86528K, 62% used [0x00000000c0000000,0x00000000c34dfeb0,0x00000000c5480000)
 Metaspace       used 53556K, capacity 56204K, committed 56320K, reserved 1097728K
  class space    used 7209K, capacity 8080K, committed 8192K, reserved 1048576K
Event: 2476,271 GC heap after
Heap after GC invocations=20 (full 2):
 PSYoungGen      total 281088K, used 13280K [0x00000000eab00000, 0x00000000ff380000, 0x0000000100000000)
  eden space 267776K, 0% used [0x00000000eab00000,0x00000000eab00000,0x00000000fb080000)
  from space 13312K, 99% used [0x00000000fe680000,0x00000000ff378070,0x00000000ff380000)
  to   space 33792K, 0% used [0x00000000fb180000,0x00000000fb180000,0x00000000fd280000)
 ParOldGen       total 86528K, used 71828K [0x00000000c0000000, 0x00000000c5480000, 0x00000000eab00000)
  object space 86528K, 83% used [0x00000000c0000000,0x00000000c4625298,0x00000000c5480000)
 Metaspace       used 53556K, capacity 56204K, committed 56320K, reserved 1097728K
  class space    used 7209K, capacity 8080K, committed 8192K, reserved 1048576K
}
Event: 2476,271 GC heap before
{Heap before GC invocations=21 (full 3):
 PSYoungGen      total 281088K, used 13280K [0x00000000eab00000, 0x00000000ff380000, 0x0000000100000000)
  eden space 267776K, 0% used [0x00000000eab00000,0x00000000eab00000,0x00000000fb080000)
  from space 13312K, 99% used [0x00000000fe680000,0x00000000ff378070,0x00000000ff380000)
  to   space 33792K, 0% used [0x00000000fb180000,0x00000000fb180000,0x00000000fd280000)
 ParOldGen       total 86528K, used 71828K [0x00000000c0000000, 0x00000000c5480000, 0x00000000eab00000)
  object space 86528K, 83% used [0x00000000c0000000,0x00000000c4625298,0x00000000c5480000)
 Metaspace       used 53556K, capacity 56204K, committed 56320K, reserved 1097728K
  class space    used 7209K, capacity 8080K, committed 8192K, reserved 1048576K

